<?xml version="1.0" encoding="UTF-8"?>
<testng-results skipped="0" failed="0" ignored="0" total="1" passed="1">
  <reporter-output>
  </reporter-output>
  <suite name="Default suite" duration-ms="4501" started-at="2017-09-19T17:33:46Z" finished-at="2017-09-19T17:33:51Z">
    <groups>
    </groups>
    <test name="Default test" duration-ms="4501" started-at="2017-09-19T17:33:46Z" finished-at="2017-09-19T17:33:51Z">
      <class name="webdrivertest">
        <test-method status="PASS" signature="FirstTest()[pri:0, instance:webdrivertest@47c62251]" name="FirstTest" duration-ms="4458" started-at="2017-09-19T23:03:46Z" finished-at="2017-09-19T23:03:51Z">
          <reporter-output>
          </reporter-output>
        </test-method> <!-- FirstTest -->
      </class> <!-- webdrivertest -->
    </test> <!-- Default test -->
  </suite> <!-- Default suite -->
</testng-results>
